12/20/16 7:22:08 AM, Info: Initializing SIMPLSharp Services...
12/20/16 7:22:08 AM, Info: ProjectInfo successfully initialized.
12/20/16 7:29:10 AM, Info: Saving project information...
12/20/16 7:29:10 AM, Info: Saving project information...
12/20/16 7:29:10 AM, Info: Saving project information...
12/20/16 7:29:10 AM, Info: Saving project information...
12/20/16 7:29:10 AM, Info: Saving project information...
12/20/16 7:29:10 AM, Info: Saving project information...
12/20/16 7:29:11 AM, Info: Validating assembly C:\Dropbox\Projects\SIMPLSharp\WeatherUnderground\bin\Debug\WeatherUnderground.dll...
12/20/16 7:29:11 AM, Info: Verifying assembly C:\Dropbox\Projects\SIMPLSharp\WeatherUnderground\bin\Debug\WeatherUnderground.dll
12/20/16 7:29:11 AM, Info: Creating Archive C:\Dropbox\Projects\SIMPLSharp\WeatherUnderground\bin\Debug\WeatherUnderground.clz...
12/20/16 7:29:12 AM, Info: Saving project information...
12/20/16 7:29:47 AM, Info: Validating assembly C:\Dropbox\Projects\SIMPLSharp\WeatherUnderground\bin\Debug\WeatherUnderground.dll...
12/20/16 7:29:47 AM, Info: Verifying assembly C:\Dropbox\Projects\SIMPLSharp\WeatherUnderground\bin\Debug\WeatherUnderground.dll
12/20/16 7:29:47 AM, Info: Creating Archive C:\Dropbox\Projects\SIMPLSharp\WeatherUnderground\bin\Debug\WeatherUnderground.clz...
12/20/16 7:29:48 AM, Info: Saving project information...
12/20/16 7:46:33 AM, Info: Validating assembly C:\Dropbox\Projects\SIMPLSharp\WeatherUnderground\bin\Debug\WeatherUnderground.dll...
12/20/16 7:46:33 AM, Info: Verifying assembly C:\Dropbox\Projects\SIMPLSharp\WeatherUnderground\bin\Debug\WeatherUnderground.dll
12/20/16 7:46:33 AM, Info: Creating Archive C:\Dropbox\Projects\SIMPLSharp\WeatherUnderground\bin\Debug\WeatherUnderground.clz...
12/20/16 7:46:34 AM, Info: Saving project information...
12/20/16 7:58:44 AM, Info: Validating assembly C:\Dropbox\Projects\SIMPLSharp\WeatherUnderground\bin\Debug\WeatherUnderground.dll...
12/20/16 7:58:44 AM, Info: Verifying assembly C:\Dropbox\Projects\SIMPLSharp\WeatherUnderground\bin\Debug\WeatherUnderground.dll
12/20/16 7:58:44 AM, Info: Creating Archive C:\Dropbox\Projects\SIMPLSharp\WeatherUnderground\bin\Debug\WeatherUnderground.clz...
12/20/16 7:58:45 AM, Info: Saving project information...
12/20/16 8:04:13 AM, Info: Terminating SIMPLSharp Services
